[debug] [2022-05-07T17:02:42.224Z] ----------------------------------------------------------------------
[debug] [2022-05-07T17:02:42.225Z] Command:       /usr/local/bin/node /usr/local/bin/firebase emulators:start --only functions
[debug] [2022-05-07T17:02:42.225Z] CLI Version:   10.7.2
[debug] [2022-05-07T17:02:42.225Z] Platform:      darwin
[debug] [2022-05-07T17:02:42.225Z] Node Version:  v16.15.0
[debug] [2022-05-07T17:02:42.229Z] Time:          Sat May 07 2022 10:02:42 GMT-0700 (Pacific Daylight Time)
[debug] [2022-05-07T17:02:42.229Z] ----------------------------------------------------------------------
[debug] 
[debug] [2022-05-07T17:02:42.259Z] > command requires scopes: ["email","openid","https://www.googleapis.com/auth/cloudplatformprojects.readonly","https://www.googleapis.com/auth/firebase","https://www.googleapis.com/auth/cloud-platform"]
[debug] [2022-05-07T17:02:42.259Z] > authorizing via signed-in user (jacob@jacobserroels.com)
[info] i  emulators: Starting emulators: functions {"metadata":{"emulator":{"name":"hub"},"message":"Starting emulators: functions"}}
[debug] [2022-05-07T17:02:42.272Z] [hub] writing locator at /tmp/hub-jacob-serroels-portfolio-site.json
[warn] ⚠  functions: The following emulators are not running, calls to these services from the Functions emulator will affect production: auth, firestore, database, hosting, pubsub, storage {"metadata":{"emulator":{"name":"functions"},"message":"The following emulators are not running, calls to these services from the Functions emulator will affect production: \u001b[1mauth, firestore, database, hosting, pubsub, storage\u001b[22m"}}
[info] ✔  functions: Using node@16 from host. {"metadata":{"emulator":{"name":"functions"},"message":"Using node@16 from host."}}
[debug] [2022-05-07T17:02:42.284Z] defaultcredentials: writing to file /var/root/.config/firebase/jacob_jacobserroels_com_application_default_credentials.json
[debug] [2022-05-07T17:02:42.284Z] Setting GAC to /var/root/.config/firebase/jacob_jacobserroels_com_application_default_credentials.json {"metadata":{"emulator":{"name":"functions"},"message":"Setting GAC to /var/root/.config/firebase/jacob_jacobserroels_com_application_default_credentials.json"}}
[debug] [2022-05-07T17:02:42.286Z] >>> [apiv2][query] GET https://firebase.googleapis.com/v1beta1/projects/jacob-serroels-portfolio-site/adminSdkConfig [none]
[debug] [2022-05-07T17:02:42.861Z] <<< [apiv2][status] GET https://firebase.googleapis.com/v1beta1/projects/jacob-serroels-portfolio-site/adminSdkConfig 200
[debug] [2022-05-07T17:02:42.862Z] <<< [apiv2][body] GET https://firebase.googleapis.com/v1beta1/projects/jacob-serroels-portfolio-site/adminSdkConfig {"projectId":"jacob-serroels-portfolio-site","storageBucket":"jacob-serroels-portfolio-site.appspot.com","locationId":"us-central"}
[info] i  ui: downloading ui-v1.6.6.zip... {"metadata":{"emulator":{"name":"ui"},"message":"downloading ui-v1.6.6.zip..."}}
[debug] [2022-05-07T17:02:43.163Z] >>> [apiv2][query] GET https://storage.googleapis.com/firebase-preview-drop/emulator/ui-v1.6.6.zip 
[debug] [2022-05-07T17:02:43.455Z] <<< [apiv2][status] GET https://storage.googleapis.com/firebase-preview-drop/emulator/ui-v1.6.6.zip 200
[debug] [2022-05-07T17:02:43.455Z] <<< [apiv2][body] GET https://storage.googleapis.com/firebase-preview-drop/emulator/ui-v1.6.6.zip [stream]
[debug] [2022-05-07T17:02:44.797Z] Ignoring unsupported arg: auto_download {"metadata":{"emulator":{"name":"ui"},"message":"Ignoring unsupported arg: auto_download"}}
[debug] [2022-05-07T17:02:44.797Z] Ignoring unsupported arg: port {"metadata":{"emulator":{"name":"ui"},"message":"Ignoring unsupported arg: port"}}
[debug] [2022-05-07T17:02:44.797Z] Starting Emulator UI with command {"binary":"node","args":["/var/root/.cache/firebase/emulators/ui-v1.6.6/server.bundle.js"],"optionalArgs":[],"joinArgs":false} {"metadata":{"emulator":{"name":"ui"},"message":"Starting Emulator UI with command {\"binary\":\"node\",\"args\":[\"/var/root/.cache/firebase/emulators/ui-v1.6.6/server.bundle.js\"],\"optionalArgs\":[],\"joinArgs\":false}"}}
[info] i  ui: Emulator UI logging to ui-debug.log {"metadata":{"emulator":{"name":"ui"},"message":"Emulator UI logging to \u001b[1mui-debug.log\u001b[22m"}}
[debug] [2022-05-07T17:02:44.855Z] Web / API server started at localhost:4000
 {"metadata":{"emulator":{"name":"ui"},"message":"Web / API server started at localhost:4000\n"}}
[info] i  functions: Watching "/Users/kserroel/Documents/GitHub/jacobserroels.github.io/functions" for Cloud Functions... {"metadata":{"emulator":{"name":"functions"},"message":"Watching \"/Users/kserroel/Documents/GitHub/jacobserroels.github.io/functions\" for Cloud Functions..."}}
[debug] [2022-05-07T17:02:45.064Z] Validating nodejs source
[debug] [2022-05-07T17:02:46.175Z] > [functions] package.json contents: {
  "name": "functions",
  "description": "Cloud Functions for Firebase",
  "scripts": {
    "lint": "eslint .",
    "serve": "firebase emulators:start --only functions",
    "shell": "firebase functions:shell",
    "start": "npm run shell",
    "deploy": "firebase deploy --only functions",
    "logs": "firebase functions:log"
  },
  "engines": {
    "node": "16"
  },
  "main": "index.js",
  "dependencies": {
    "dropbox": "^10.29.0",
    "firebase-admin": "^10.0.2",
    "firebase-functions": "^3.18.0"
  },
  "devDependencies": {
    "eslint": "^8.9.0",
    "eslint-config-google": "^0.14.0",
    "firebase-functions-test": "^0.2.0"
  },
  "private": true
}
[debug] [2022-05-07T17:02:46.175Z] Building nodejs source
[debug] [2022-05-07T17:02:46.175Z] Analyzing nodejs backend spec
[info] 
┌─────────────────────────────────────────────────────────────┐
│ ✔  All emulators ready! It is now safe to connect your app. │
│ i  View Emulator UI at http://localhost:4000                │
└─────────────────────────────────────────────────────────────┘

┌───────────┬────────────────┬─────────────────────────────────┐
│ Emulator  │ Host:Port      │ View in Emulator UI             │
├───────────┼────────────────┼─────────────────────────────────┤
│ Functions │ localhost:5001 │ http://localhost:4000/functions │
└───────────┴────────────────┴─────────────────────────────────┘
  Emulator Hub running at localhost:4400
  Other reserved ports: 4500

Issues? Report them at https://github.com/firebase/firebase-tools/issues and attach the *-debug.log files.
 
[debug] [2022-05-07T17:09:33.938Z] File /Users/kserroel/Documents/GitHub/jacobserroels.github.io/functions/index.js changed, reloading triggers {"metadata":{"emulator":{"name":"functions"},"message":"File /Users/kserroel/Documents/GitHub/jacobserroels.github.io/functions/index.js changed, reloading triggers"}}
[debug] [2022-05-07T17:09:34.999Z] Validating nodejs source
[debug] [2022-05-07T17:09:35.824Z] > [functions] package.json contents: {
  "name": "functions",
  "description": "Cloud Functions for Firebase",
  "scripts": {
    "lint": "eslint .",
    "serve": "firebase emulators:start --only functions",
    "shell": "firebase functions:shell",
    "start": "npm run shell",
    "deploy": "firebase deploy --only functions",
    "logs": "firebase functions:log"
  },
  "engines": {
    "node": "16"
  },
  "main": "index.js",
  "dependencies": {
    "dropbox": "^10.29.0",
    "firebase-admin": "^10.0.2",
    "firebase-functions": "^3.18.0"
  },
  "devDependencies": {
    "eslint": "^8.9.0",
    "eslint-config-google": "^0.14.0",
    "firebase-functions-test": "^0.2.0"
  },
  "private": true
}
[debug] [2022-05-07T17:09:35.824Z] Building nodejs source
[debug] [2022-05-07T17:09:35.824Z] Analyzing nodejs backend spec
